#-----------------------------------------------------------
# PlanAhead v14.7 (64-bit)
# Build 321239 by xbuild on Fri Sep 27 19:29:51 MDT 2013
# Start of session at: Tue May 26 18:50:21 2015
# Process ID: 14680
# Log file: C:/Users/user/Desktop/ZED_LAB/LED_CTR/planAhead.log
# Journal file: C:/Users/user/Desktop/ZED_LAB/LED_CTR\planAhead.jou
#-----------------------------------------------------------
INFO: [Common 17-78] Attempting to get a license: PlanAhead
INFO: [Common 17-290] Got license for PlanAhead
INFO: [Device 21-36] Loading parts and site information from C:/Xilinx/14.7/ISE_DS/PlanAhead/data/parts/arch.xml
Parsing RTL primitives file [C:/Xilinx/14.7/ISE_DS/PlanAhead/data/parts/xilinx/rtl/prims/rtl_prims.xml]
Finished parsing RTL primitives file [C:/Xilinx/14.7/ISE_DS/PlanAhead/data/parts/xilinx/rtl/prims/rtl_prims.xml]
start_gui
open_project {C:\Users\user\Desktop\ZED_LAB\LED_CTR\LED_CTR.ppr}
Scanning sources...
Finished scanning sources
open_project: Time (s): elapsed = 00:00:06 . Memory (MB): peak = 444.559 ; gain = 85.473
reset_run impl_1 -prev_step 
launch_runs impl_1 -to_step Bitgen
[Tue May 26 18:53:05 2015] Launched impl_1...
Run output will be captured here: C:/Users/user/Desktop/ZED_LAB/LED_CTR/LED_CTR.runs/impl_1/runme.log
open_run impl_1
Parsing EDIF File [./LED_CTR.runs/impl_1/system_stub.edf]
Finished Parsing EDIF File [./LED_CTR.runs/impl_1/system_stub.edf]
Loading clock regions from C:/Xilinx/14.7/ISE_DS/PlanAhead/data\parts/xilinx/zynq/zynq/xc7z020/ClockRegion.xml
Loading clock buffers from C:/Xilinx/14.7/ISE_DS/PlanAhead/data\parts/xilinx/zynq/zynq/xc7z020/ClockBuffers.xml
Loading clock placement rules from C:/Xilinx/14.7/ISE_DS/PlanAhead/data/parts/xilinx/zynq/ClockPlacerRules.xml
Loading package pin functions from C:/Xilinx/14.7/ISE_DS/PlanAhead/data\parts/xilinx/zynq/PinFunctions.xml...
Loading package from C:/Xilinx/14.7/ISE_DS/PlanAhead/data\parts/xilinx/zynq/zynq/xc7z020/clg484/Package.xml
Loading io standards from C:/Xilinx/14.7/ISE_DS/PlanAhead/data\./parts/xilinx/zynq/IOStandards.xml
Loading list of drcs for the architecture : C:/Xilinx/14.7/ISE_DS/PlanAhead/data\./parts/xilinx/zynq/drc.xml
Parsing UCF File [C:/Users/user/Desktop/ZED_LAB/LED_CTR/LED_CTR.runs/impl_1/.constrs/system.ncf]
Finished Parsing UCF File [C:/Users/user/Desktop/ZED_LAB/LED_CTR/LED_CTR.runs/impl_1/.constrs/system.ncf]
Parsing UCF File [C:/Users/user/Desktop/ZED_LAB/LED_CTR/LED_CTR.runs/impl_1/.constrs/system_axi_interconnect_1_wrapper.ncf]
Finished Parsing UCF File [C:/Users/user/Desktop/ZED_LAB/LED_CTR/LED_CTR.runs/impl_1/.constrs/system_axi_interconnect_1_wrapper.ncf]
Parsing UCF File [C:/Users/user/Desktop/ZED_LAB/LED_CTR/LED_CTR.runs/impl_1/.constrs/system_processing_system7_0_wrapper.ncf]
INFO: [Constraints 18-98] IO constraint IOSTANDARD with a setting of LVCMOS33 for net system_i/processing_system7_0/PS_PORB will not be propagated through the buffer. The constraint should be associated with the net that is connected to the top level port. [C:/Users/user/Desktop/ZED_LAB/LED_CTR/LED_CTR.runs/impl_1/.constrs/system_processing_system7_0_wrapper.ncf:157]
INFO: [Constraints 18-98] IO constraint DRIVE with a setting of 8 for net system_i/processing_system7_0/PS_PORB will not be propagated through the buffer. The constraint should be associated with the net that is connected to the top level port. [C:/Users/user/Desktop/ZED_LAB/LED_CTR/LED_CTR.runs/impl_1/.constrs/system_processing_system7_0_wrapper.ncf:157]
INFO: [Constraints 18-98] IO constraint SLEW with a setting of slow for net system_i/processing_system7_0/PS_PORB will not be propagated through the buffer. The constraint should be associated with the net that is connected to the top level port. [C:/Users/user/Desktop/ZED_LAB/LED_CTR/LED_CTR.runs/impl_1/.constrs/system_processing_system7_0_wrapper.ncf:157]
CRITICAL WARNING: [Constraints 18-5] Cannot loc instance 'processing_system7_0_PS_PORB_pin_IBUF' at site B5, Site location is not valid [C:/Users/user/Desktop/ZED_LAB/LED_CTR/LED_CTR.runs/impl_1/.constrs/system_processing_system7_0_wrapper.ncf:157]
INFO: [Constraints 18-98] IO constraint IOSTANDARD with a setting of LVCMOS33 for net system_i/processing_system7_0/PS_SRSTB will not be propagated through the buffer. The constraint should be associated with the net that is connected to the top level port. [C:/Users/user/Desktop/ZED_LAB/LED_CTR/LED_CTR.runs/impl_1/.constrs/system_processing_system7_0_wrapper.ncf:158]
INFO: [Constraints 18-98] IO constraint DRIVE with a setting of 8 for net system_i/processing_system7_0/PS_SRSTB will not be propagated through the buffer. The constraint should be associated with the net that is connected to the top level port. [C:/Users/user/Desktop/ZED_LAB/LED_CTR/LED_CTR.runs/impl_1/.constrs/system_processing_system7_0_wrapper.ncf:158]
INFO: [Constraints 18-98] IO constraint SLEW with a setting of slow for net system_i/processing_system7_0/PS_SRSTB will not be propagated through the buffer. The constraint should be associated with the net that is connected to the top level port. [C:/Users/user/Desktop/ZED_LAB/LED_CTR/LED_CTR.runs/impl_1/.constrs/system_processing_system7_0_wrapper.ncf:158]
CRITICAL WARNING: [Constraints 18-5] Cannot loc instance 'processing_system7_0_PS_SRSTB_pin_IBUF' at site C9, Site location is not valid [C:/Users/user/Desktop/ZED_LAB/LED_CTR/LED_CTR.runs/impl_1/.constrs/system_processing_system7_0_wrapper.ncf:158]
INFO: [Constraints 18-98] IO constraint IOSTANDARD with a setting of LVCMOS33 for net system_i/processing_system7_0/PS_CLK will not be propagated through the buffer. The constraint should be associated with the net that is connected to the top level port. [C:/Users/user/Desktop/ZED_LAB/LED_CTR/LED_CTR.runs/impl_1/.constrs/system_processing_system7_0_wrapper.ncf:159]
INFO: [Constraints 18-98] IO constraint DRIVE with a setting of 8 for net system_i/processing_system7_0/PS_CLK will not be propagated through the buffer. The constraint should be associated with the net that is connected to the top level port. [C:/Users/user/Desktop/ZED_LAB/LED_CTR/LED_CTR.runs/impl_1/.constrs/system_processing_system7_0_wrapper.ncf:159]
INFO: [Constraints 18-98] IO constraint SLEW with a setting of slow for net system_i/processing_system7_0/PS_CLK will not be propagated through the buffer. The constraint should be associated with the net that is connected to the top level port. [C:/Users/user/Desktop/ZED_LAB/LED_CTR/LED_CTR.runs/impl_1/.constrs/system_processing_system7_0_wrapper.ncf:159]
CRITICAL WARNING: [Constraints 18-5] Cannot loc instance 'processing_system7_0_PS_CLK_pin_IBUF' at site F7, Site location is not valid [C:/Users/user/Desktop/ZED_LAB/LED_CTR/LED_CTR.runs/impl_1/.constrs/system_processing_system7_0_wrapper.ncf:159]
Finished Parsing UCF File [C:/Users/user/Desktop/ZED_LAB/LED_CTR/LED_CTR.runs/impl_1/.constrs/system_processing_system7_0_wrapper.ncf]
Parsing UCF File [C:/Users/user/Desktop/ZED_LAB/LED_CTR/LED_CTR.runs/impl_1/.constrs/zedboard_master_UCF_RevC_v3.ucf]
CRITICAL WARNING: [Constraints 18-11] Could not find net or pin 'AC_ADR0' [C:/Users/user/Desktop/ZED_LAB/LED_CTR/LED_CTR.runs/impl_1/.constrs/zedboard_master_UCF_RevC_v3.ucf:56]
CRITICAL WARNING: [Constraints 18-11] Could not find net or pin 'AC_ADR0' [C:/Users/user/Desktop/ZED_LAB/LED_CTR/LED_CTR.runs/impl_1/.constrs/zedboard_master_UCF_RevC_v3.ucf:56]
CRITICAL WARNING: [Constraints 18-11] Could not find net or pin 'AC_ADR1' [C:/Users/user/Desktop/ZED_LAB/LED_CTR/LED_CTR.runs/impl_1/.constrs/zedboard_master_UCF_RevC_v3.ucf:58]
CRITICAL WARNING: [Constraints 18-11] Could not find net or pin 'AC_ADR1' [C:/Users/user/Desktop/ZED_LAB/LED_CTR/LED_CTR.runs/impl_1/.constrs/zedboard_master_UCF_RevC_v3.ucf:58]
CRITICAL WARNING: [Constraints 18-11] Could not find net or pin 'AC_GPIO0' [C:/Users/user/Desktop/ZED_LAB/LED_CTR/LED_CTR.runs/impl_1/.constrs/zedboard_master_UCF_RevC_v3.ucf:60]
CRITICAL WARNING: [Constraints 18-11] Could not find net or pin 'AC_GPIO0' [C:/Users/user/Desktop/ZED_LAB/LED_CTR/LED_CTR.runs/impl_1/.constrs/zedboard_master_UCF_RevC_v3.ucf:60]
CRITICAL WARNING: [Constraints 18-11] Could not find net or pin 'AC_GPIO1' [C:/Users/user/Desktop/ZED_LAB/LED_CTR/LED_CTR.runs/impl_1/.constrs/zedboard_master_UCF_RevC_v3.ucf:62]
CRITICAL WARNING: [Constraints 18-11] Could not find net or pin 'AC_GPIO1' [C:/Users/user/Desktop/ZED_LAB/LED_CTR/LED_CTR.runs/impl_1/.constrs/zedboard_master_UCF_RevC_v3.ucf:62]
CRITICAL WARNING: [Constraints 18-11] Could not find net or pin 'AC_GPIO2' [C:/Users/user/Desktop/ZED_LAB/LED_CTR/LED_CTR.runs/impl_1/.constrs/zedboard_master_UCF_RevC_v3.ucf:64]
CRITICAL WARNING: [Constraints 18-11] Could not find net or pin 'AC_GPIO2' [C:/Users/user/Desktop/ZED_LAB/LED_CTR/LED_CTR.runs/impl_1/.constrs/zedboard_master_UCF_RevC_v3.ucf:64]
CRITICAL WARNING: [Constraints 18-11] Could not find net or pin 'AC_GPIO3' [C:/Users/user/Desktop/ZED_LAB/LED_CTR/LED_CTR.runs/impl_1/.constrs/zedboard_master_UCF_RevC_v3.ucf:66]
CRITICAL WARNING: [Constraints 18-11] Could not find net or pin 'AC_GPIO3' [C:/Users/user/Desktop/ZED_LAB/LED_CTR/LED_CTR.runs/impl_1/.constrs/zedboard_master_UCF_RevC_v3.ucf:66]
CRITICAL WARNING: [Constraints 18-11] Could not find net or pin 'AC_MCLK' [C:/Users/user/Desktop/ZED_LAB/LED_CTR/LED_CTR.runs/impl_1/.constrs/zedboard_master_UCF_RevC_v3.ucf:68]
CRITICAL WARNING: [Constraints 18-11] Could not find net or pin 'AC_MCLK' [C:/Users/user/Desktop/ZED_LAB/LED_CTR/LED_CTR.runs/impl_1/.constrs/zedboard_master_UCF_RevC_v3.ucf:68]
CRITICAL WARNING: [Constraints 18-11] Could not find net or pin 'AC_SCK' [C:/Users/user/Desktop/ZED_LAB/LED_CTR/LED_CTR.runs/impl_1/.constrs/zedboard_master_UCF_RevC_v3.ucf:70]
CRITICAL WARNING: [Constraints 18-11] Could not find net or pin 'AC_SCK' [C:/Users/user/Desktop/ZED_LAB/LED_CTR/LED_CTR.runs/impl_1/.constrs/zedboard_master_UCF_RevC_v3.ucf:70]
CRITICAL WARNING: [Constraints 18-11] Could not find net or pin 'AC_SDA' [C:/Users/user/Desktop/ZED_LAB/LED_CTR/LED_CTR.runs/impl_1/.constrs/zedboard_master_UCF_RevC_v3.ucf:72]
CRITICAL WARNING: [Constraints 18-11] Could not find net or pin 'AC_SDA' [C:/Users/user/Desktop/ZED_LAB/LED_CTR/LED_CTR.runs/impl_1/.constrs/zedboard_master_UCF_RevC_v3.ucf:72]
CRITICAL WARNING: [Constraints 18-11] Could not find net or pin 'FMC_SCL' [C:/Users/user/Desktop/ZED_LAB/LED_CTR/LED_CTR.runs/impl_1/.constrs/zedboard_master_UCF_RevC_v3.ucf:74]
CRITICAL WARNING: [Constraints 18-11] Could not find net or pin 'FMC_SCL' [C:/Users/user/Desktop/ZED_LAB/LED_CTR/LED_CTR.runs/impl_1/.constrs/zedboard_master_UCF_RevC_v3.ucf:74]
CRITICAL WARNING: [Constraints 18-11] Could not find net or pin 'FMC_SDA' [C:/Users/user/Desktop/ZED_LAB/LED_CTR/LED_CTR.runs/impl_1/.constrs/zedboard_master_UCF_RevC_v3.ucf:76]
CRITICAL WARNING: [Constraints 18-11] Could not find net or pin 'FMC_SDA' [C:/Users/user/Desktop/ZED_LAB/LED_CTR/LED_CTR.runs/impl_1/.constrs/zedboard_master_UCF_RevC_v3.ucf:76]
CRITICAL WARNING: [Constraints 18-11] Could not find net or pin 'GCLK' [C:/Users/user/Desktop/ZED_LAB/LED_CTR/LED_CTR.runs/impl_1/.constrs/zedboard_master_UCF_RevC_v3.ucf:78]
CRITICAL WARNING: [Constraints 18-11] Could not find net or pin 'GCLK' [C:/Users/user/Desktop/ZED_LAB/LED_CTR/LED_CTR.runs/impl_1/.constrs/zedboard_master_UCF_RevC_v3.ucf:78]
CRITICAL WARNING: [Constraints 18-11] Could not find net or pin 'JA1' [C:/Users/user/Desktop/ZED_LAB/LED_CTR/LED_CTR.runs/impl_1/.constrs/zedboard_master_UCF_RevC_v3.ucf:80]
CRITICAL WARNING: [Constraints 18-11] Could not find net or pin 'JA1' [C:/Users/user/Desktop/ZED_LAB/LED_CTR/LED_CTR.runs/impl_1/.constrs/zedboard_master_UCF_RevC_v3.ucf:80]
CRITICAL WARNING: [Constraints 18-11] Could not find net or pin 'JA10' [C:/Users/user/Desktop/ZED_LAB/LED_CTR/LED_CTR.runs/impl_1/.constrs/zedboard_master_UCF_RevC_v3.ucf:82]
CRITICAL WARNING: [Constraints 18-11] Could not find net or pin 'JA10' [C:/Users/user/Desktop/ZED_LAB/LED_CTR/LED_CTR.runs/impl_1/.constrs/zedboard_master_UCF_RevC_v3.ucf:82]
CRITICAL WARNING: [Constraints 18-11] Could not find net or pin 'JA2' [C:/Users/user/Desktop/ZED_LAB/LED_CTR/LED_CTR.runs/impl_1/.constrs/zedboard_master_UCF_RevC_v3.ucf:84]
CRITICAL WARNING: [Constraints 18-11] Could not find net or pin 'JA2' [C:/Users/user/Desktop/ZED_LAB/LED_CTR/LED_CTR.runs/impl_1/.constrs/zedboard_master_UCF_RevC_v3.ucf:84]
CRITICAL WARNING: [Constraints 18-11] Could not find net or pin 'JA3' [C:/Users/user/Desktop/ZED_LAB/LED_CTR/LED_CTR.runs/impl_1/.constrs/zedboard_master_UCF_RevC_v3.ucf:86]
CRITICAL WARNING: [Constraints 18-11] Could not find net or pin 'JA3' [C:/Users/user/Desktop/ZED_LAB/LED_CTR/LED_CTR.runs/impl_1/.constrs/zedboard_master_UCF_RevC_v3.ucf:86]
CRITICAL WARNING: [Constraints 18-11] Could not find net or pin 'JA4' [C:/Users/user/Desktop/ZED_LAB/LED_CTR/LED_CTR.runs/impl_1/.constrs/zedboard_master_UCF_RevC_v3.ucf:88]
CRITICAL WARNING: [Constraints 18-11] Could not find net or pin 'JA4' [C:/Users/user/Desktop/ZED_LAB/LED_CTR/LED_CTR.runs/impl_1/.constrs/zedboard_master_UCF_RevC_v3.ucf:88]
CRITICAL WARNING: [Constraints 18-11] Could not find net or pin 'JA7' [C:/Users/user/Desktop/ZED_LAB/LED_CTR/LED_CTR.runs/impl_1/.constrs/zedboard_master_UCF_RevC_v3.ucf:90]
CRITICAL WARNING: [Constraints 18-11] Could not find net or pin 'JA7' [C:/Users/user/Desktop/ZED_LAB/LED_CTR/LED_CTR.runs/impl_1/.constrs/zedboard_master_UCF_RevC_v3.ucf:90]
CRITICAL WARNING: [Constraints 18-11] Could not find net or pin 'JA8' [C:/Users/user/Desktop/ZED_LAB/LED_CTR/LED_CTR.runs/impl_1/.constrs/zedboard_master_UCF_RevC_v3.ucf:92]
CRITICAL WARNING: [Constraints 18-11] Could not find net or pin 'JA8' [C:/Users/user/Desktop/ZED_LAB/LED_CTR/LED_CTR.runs/impl_1/.constrs/zedboard_master_UCF_RevC_v3.ucf:92]
CRITICAL WARNING: [Constraints 18-11] Could not find net or pin 'JA9' [C:/Users/user/Desktop/ZED_LAB/LED_CTR/LED_CTR.runs/impl_1/.constrs/zedboard_master_UCF_RevC_v3.ucf:94]
CRITICAL WARNING: [Constraints 18-11] Could not find net or pin 'JA9' [C:/Users/user/Desktop/ZED_LAB/LED_CTR/LED_CTR.runs/impl_1/.constrs/zedboard_master_UCF_RevC_v3.ucf:94]
CRITICAL WARNING: [Constraints 18-11] Could not find net or pin 'JB1' [C:/Users/user/Desktop/ZED_LAB/LED_CTR/LED_CTR.runs/impl_1/.constrs/zedboard_master_UCF_RevC_v3.ucf:96]
CRITICAL WARNING: [Constraints 18-11] Could not find net or pin 'JB1' [C:/Users/user/Desktop/ZED_LAB/LED_CTR/LED_CTR.runs/impl_1/.constrs/zedboard_master_UCF_RevC_v3.ucf:96]
CRITICAL WARNING: [Constraints 18-11] Could not find net or pin 'JB10' [C:/Users/user/Desktop/ZED_LAB/LED_CTR/LED_CTR.runs/impl_1/.constrs/zedboard_master_UCF_RevC_v3.ucf:98]
CRITICAL WARNING: [Constraints 18-11] Could not find net or pin 'JB10' [C:/Users/user/Desktop/ZED_LAB/LED_CTR/LED_CTR.runs/impl_1/.constrs/zedboard_master_UCF_RevC_v3.ucf:98]
CRITICAL WARNING: [Constraints 18-11] Could not find net or pin 'JB2' [C:/Users/user/Desktop/ZED_LAB/LED_CTR/LED_CTR.runs/impl_1/.constrs/zedboard_master_UCF_RevC_v3.ucf:100]
CRITICAL WARNING: [Constraints 18-11] Could not find net or pin 'JB2' [C:/Users/user/Desktop/ZED_LAB/LED_CTR/LED_CTR.runs/impl_1/.constrs/zedboard_master_UCF_RevC_v3.ucf:100]
CRITICAL WARNING: [Constraints 18-11] Could not find net or pin 'JB3' [C:/Users/user/Desktop/ZED_LAB/LED_CTR/LED_CTR.runs/impl_1/.constrs/zedboard_master_UCF_RevC_v3.ucf:102]
CRITICAL WARNING: [Constraints 18-11] Could not find net or pin 'JB3' [C:/Users/user/Desktop/ZED_LAB/LED_CTR/LED_CTR.runs/impl_1/.constrs/zedboard_master_UCF_RevC_v3.ucf:102]
CRITICAL WARNING: [Constraints 18-11] Could not find net or pin 'JB4' [C:/Users/user/Desktop/ZED_LAB/LED_CTR/LED_CTR.runs/impl_1/.constrs/zedboard_master_UCF_RevC_v3.ucf:104]
CRITICAL WARNING: [Constraints 18-11] Could not find net or pin 'JB4' [C:/Users/user/Desktop/ZED_LAB/LED_CTR/LED_CTR.runs/impl_1/.constrs/zedboard_master_UCF_RevC_v3.ucf:104]
INFO: [Common 17-14] Message 'Constraints 18-11' appears 50 times and further instances of the messages will be disabled. Use the Tcl command set_msg_limit to change the current settings.
Finished Parsing UCF File [C:/Users/user/Desktop/ZED_LAB/LED_CTR/LED_CTR.runs/impl_1/.constrs/zedboard_master_UCF_RevC_v3.ucf]
INFO: [Designutils 20-20] Invalid constraints found, use command 'write_ucf -constraints invalid <file>' to save all the invalid constraints to a file
INFO: [Designutils 20-669] Parsing Placement File : C:/Users/user/Desktop/ZED_LAB/LED_CTR/LED_CTR.runs/impl_1/system_stub_routed.xdl
INFO: [Designutils 20-658] Finished Parsing Placement File : C:/Users/user/Desktop/ZED_LAB/LED_CTR/LED_CTR.runs/impl_1/system_stub_routed.xdl
INFO: [Designutils 20-671] Placed 652 instances
INFO: [Project 1-111] Unisim Transformation Summary:
  A total of 320 instances were transformed.
  FD => FDCE: 51 instances
  FDC => FDCE: 9 instances
  FDE => FDCE: 69 instances
  FDR => FDRE: 83 instances
  INV => LUT1: 100 instances
  SRLC16E => SRL16E: 8 instances

Phase 0 | Netlist Checksum: 681105e4
open_run: Time (s): elapsed = 00:00:22 . Memory (MB): peak = 858.141 ; gain = 403.172
export_hardware [get_files C:/Users/user/Desktop/ZED_LAB/LED_CTR/LED_CTR.srcs/sources_1/edk/system/system.xmp] [get_runs impl_1] -bitstream
WARNING: [PlanAhead 12-690] Backannotated BMM file does not exist in the run dir:C:/Users/user/Desktop/ZED_LAB/LED_CTR/LED_CTR.runs/impl_1/system_stub_bd.bmm
INFO: [Edk 24-141] Exporting hardware platform with bitstream for 'system'...

Xilinx Platform Studio
Xilinx EDK 14.7 Build EDK_P.20131013
Copyright (c) 1995-2012 Xilinx, Inc.  All rights reserved.

XPS% Evaluating file
C:\Users\user\Desktop\ZED_LAB\LED_CTR\LED_CTR.srcs\sources_1\edk\system\__xps\pa
\_system_export2sdk.tcl
WARNING:EDK - IPNAME: processing_system7, INSTANCE: processing_system7_0 -
   Pre-Production version not verified on hardware for architecture 'zynq' -
   C:\Users\user\Desktop\ZED_LAB\LED_CTR\LED_CTR.srcs\sources_1\edk\system\syste
   m.mhs line 30 
WARNING:EDK - IPNAME: processing_system7, INSTANCE: processing_system7_0 -
   Pre-Production version not verified on hardware for architecture 'zynq' -
   C:\Users\user\Desktop\ZED_LAB\LED_CTR\LED_CTR.srcs\sources_1\edk\system\syste
   m.mhs line 30 

Overriding IP level properties ...
INFO:EDK - IPNAME: processing_system7, INSTANCE:processing_system7_0 - tcl is
   overriding PARAMETER C_S_AXI_HP0_HIGHADDR value to 0x1FFFFFFF -
   C:\Xilinx\14.7\ISE_DS\EDK\hw\XilinxProcessorIPLib\pcores\processing_system7_v
   4_02_a\data\processing_system7_v2_1_0.mpd line 300 
INFO:EDK - IPNAME: processing_system7, INSTANCE:processing_system7_0 - tcl is
   overriding PARAMETER C_S_AXI_HP1_HIGHADDR value to 0x1FFFFFFF -
   C:\Xilinx\14.7\ISE_DS\EDK\hw\XilinxProcessorIPLib\pcores\processing_system7_v
   4_02_a\data\processing_system7_v2_1_0.mpd line 304 
INFO:EDK - IPNAME: processing_system7, INSTANCE:processing_system7_0 - tcl is
   overriding PARAMETER C_S_AXI_HP2_HIGHADDR value to 0x1FFFFFFF -
   C:\Xilinx\14.7\ISE_DS\EDK\hw\XilinxProcessorIPLib\pcores\processing_system7_v
   4_02_a\data\processing_system7_v2_1_0.mpd line 308 
INFO:EDK - IPNAME: processing_system7, INSTANCE:processing_system7_0 - tcl is
   overriding PARAMETER C_S_AXI_HP3_HIGHADDR value to 0x1FFFFFFF -
   C:\Xilinx\14.7\ISE_DS\EDK\hw\XilinxProcessorIPLib\pcores\processing_system7_v
   4_02_a\data\processing_system7_v2_1_0.mpd line 312 
INFO:EDK - IPNAME: processing_system7, INSTANCE:processing_system7_0 - tcl is
   overriding PARAMETER C_NUM_F2P_INTR_INPUTS value to 1 -
   C:\Xilinx\14.7\ISE_DS\EDK\hw\XilinxProcessorIPLib\pcores\processing_system7_v
   4_02_a\data\processing_system7_v2_1_0.mpd line 319 
INFO:EDK - IPNAME: axi_interconnect, INSTANCE:axi_interconnect_1 - tcl is
   overriding PARAMETER C_BASEFAMILY value to zynq -
   C:\Xilinx\14.7\ISE_DS\EDK\hw\XilinxProcessorIPLib\pcores\axi_interconnect_v1_
   06_a\data\axi_interconnect_v2_1_0.mpd line 81 

Computing clock values...
INFO:EDK - Frequency for Top-Level Input Clock 'processing_system7_0_PS_CLK_pin'
   is not specified. Clock DRCs will not be performed for IPs connected to that
   clock port, unless they are connected through the clock generator IP. 


Performing IP level DRCs on properties...

Running DRC Tcl procedures for OPTION IPLEVEL_DRC_PROC...
INFO:EDK - INFO: DDR Base and High address in current configuration is
   0x00000000 and 0x1FFFFFFF respectively. 
INFO:EDK - INFO: You can modify the DDR address range accessed by Programmable
   Logic through the processing_system7 AXI slave interfaces. If MicroBlaze is a
   master on processing_system7 AXI slave interfaces, please use the top half of
   the address range (Base Address = 0x10000000; High Address = 0x1FFFFFFF). For
   all other master, any subset of the DDR address can be used. See Xilinx
   Answer 47167 for more information. 
Address Map for Processor processing_system7_0
  (0x41200000-0x4120ffff) axi_gpio_0	axi_interconnect_1
  (0x61600000-0x6160ffff) my_adder_0	axi_interconnect_1

Checking platform address map ...

Overriding IP level properties ...
INFO:EDK - IPNAME: processing_system7, INSTANCE:processing_system7_0 - tcl is
   overriding PARAMETER C_S_AXI_HP0_HIGHADDR value to 0x1FFFFFFF -
   C:\Xilinx\14.7\ISE_DS\EDK\hw\XilinxProcessorIPLib\pcores\processing_system7_v
   4_02_a\data\processing_system7_v2_1_0.mpd line 300 
INFO:EDK - IPNAME: processing_system7, INSTANCE:processing_system7_0 - tcl is
   overriding PARAMETER C_S_AXI_HP1_HIGHADDR value to 0x1FFFFFFF -
   C:\Xilinx\14.7\ISE_DS\EDK\hw\XilinxProcessorIPLib\pcores\processing_system7_v
   4_02_a\data\processing_system7_v2_1_0.mpd line 304 
INFO:EDK - IPNAME: processing_system7, INSTANCE:processing_system7_0 - tcl is
   overriding PARAMETER C_S_AXI_HP2_HIGHADDR value to 0x1FFFFFFF -
   C:\Xilinx\14.7\ISE_DS\EDK\hw\XilinxProcessorIPLib\pcores\processing_system7_v
   4_02_a\data\processing_system7_v2_1_0.mpd line 308 
INFO:EDK - IPNAME: processing_system7, INSTANCE:processing_system7_0 - tcl is
   overriding PARAMETER C_S_AXI_HP3_HIGHADDR value to 0x1FFFFFFF -
   C:\Xilinx\14.7\ISE_DS\EDK\hw\XilinxProcessorIPLib\pcores\processing_system7_v
   4_02_a\data\processing_system7_v2_1_0.mpd line 312 
INFO:EDK - IPNAME: processing_system7, INSTANCE:processing_system7_0 - tcl is
   overriding PARAMETER C_NUM_F2P_INTR_INPUTS value to 1 -
   C:\Xilinx\14.7\ISE_DS\EDK\hw\XilinxProcessorIPLib\pcores\processing_system7_v
   4_02_a\data\processing_system7_v2_1_0.mpd line 319 
INFO:EDK - IPNAME: axi_interconnect, INSTANCE:axi_interconnect_1 - tcl is
   overriding PARAMETER C_BASEFAMILY value to zynq -
   C:\Xilinx\14.7\ISE_DS\EDK\hw\XilinxProcessorIPLib\pcores\axi_interconnect_v1_
   06_a\data\axi_interconnect_v2_1_0.mpd line 81 

Computing clock values...
INFO:EDK - Frequency for Top-Level Input Clock 'processing_system7_0_PS_CLK_pin'
   is not specified. Clock DRCs will not be performed for IPs connected to that
   clock port, unless they are connected through the clock generator IP. 


Performing IP level DRCs on properties...

Running DRC Tcl procedures for OPTION IPLEVEL_DRC_PROC...
INFO:EDK - INFO: DDR Base and High address in current configuration is
   0x00000000 and 0x1FFFFFFF respectively. 
INFO:EDK - INFO: You can modify the DDR address range accessed by Programmable
   Logic through the processing_system7 AXI slave interfaces. If MicroBlaze is a
   master on processing_system7 AXI slave interfaces, please use the top half of
   the address range (Base Address = 0x10000000; High Address = 0x1FFFFFFF). For
   all other master, any subset of the DDR address can be used. See Xilinx
   Answer 47167 for more information. 
Address Map for Processor processing_system7_0
  (0x41200000-0x4120ffff) axi_gpio_0	axi_interconnect_1
  (0x61600000-0x6160ffff) my_adder_0	axi_interconnect_1

Checking platform address map ...
IF NOT EXIST "C:/Users/user/Desktop/ZED_LAB/LED_CTR/LED_CTR.sdk/SDK/SDK_Export/hw" @mkdir "C:/Users/user/Desktop/ZED_LAB/LED_CTR/LED_CTR.sdk/SDK/SDK_Export/hw"
pscgen -mhs system.mhs -expdir C:/Users/user/Desktop/ZED_LAB/LED_CTR/LED_CTR.sdk/SDK/SDK_Export/hw
Generating ps7_init code for Si version 1.... 
Generating ps7_init code for Si version 2.... 
Generating ps7_init code for Si version 3.... 
psf2Edward -inp system.xmp -flat_zynq -dont_run_checkhwsys -dont_add_loginfo -make_inst_lower -edwver 1.2 -xml C:/Users/user/Desktop/ZED_LAB/LED_CTR/LED_CTR.sdk/SDK/SDK_Export/hw/system.xml 
Release 14.7 - psf2Edward EDK_P.20131013 (nt64)
Copyright (c) 1995-2013 Xilinx, Inc.  All rights reserved.
WARNING:EDK:4092 - IPNAME: processing_system7, INSTANCE: processing_system7_0 -
   Pre-Production version not verified on hardware for architecture 'zynq' -
   C:\Users\user\Desktop\ZED_LAB\LED_CTR\LED_CTR.srcs\sources_1\edk\system\syste
   m.mhs line 30 
WARNING:EDK:4092 - IPNAME: processing_system7, INSTANCE: processing_system7_0 -
   Pre-Production version not verified on hardware for architecture 'zynq' -
   C:\Users\user\Desktop\ZED_LAB\LED_CTR\LED_CTR.srcs\sources_1\edk\system\syste
   m.mhs line 30 
WARNING:EDK:4092 - IPNAME: processing_system7, INSTANCE: processing_system7_0 -
   Pre-Production version not verified on hardware for architecture 'zynq' -
   C:\Users\user\Desktop\ZED_LAB\LED_CTR\LED_CTR.srcs\sources_1\edk\system\syste
   m.mhs line 30 
WARNING:EDK:4092 - IPNAME: processing_system7, INSTANCE: processing_system7_0 -
   Pre-Production version not verified on hardware for architecture 'zynq' -
   C:\Users\user\Desktop\ZED_LAB\LED_CTR\LED_CTR.srcs\sources_1\edk\system\syste
   m.mhs line 30 
WARNING:EDK:2486 - The bitwidth 52 of new value 0xc00000000fe81 is greater than
   32
WARNING:EDK:4131 - IPNAME: ps7_usb_0, PROPERTY: C_INTERCONNECT_M_AXI_BASE_ID -
   Failure in evaluting ISVALID expresion "(C_INCLUDE_DMA == 1)" -
   C:\Xilinx\14.7\ISE_DS\EDK\data\coremodel\axi\data\tools_axi_v1_01_a.txt line
   19 
WARNING:EDK:4131 - IPNAME: ps7_usb_0, PROPERTY:
   C_INTERCONNECT_M_AXI_IS_ACLK_ASYNC - Failure in evaluting ISVALID expresion
   "(C_INCLUDE_DMA == 1)" -
   C:\Xilinx\14.7\ISE_DS\EDK\data\coremodel\axi\data\tools_axi_v1_01_a.txt line
   20 
WARNING:EDK:4131 - IPNAME: ps7_usb_0, PROPERTY: C_INTERCONNECT_M_AXI_ACLK_RATIO
   - Failure in evaluting ISVALID expresion "(C_INCLUDE_DMA == 1)" -
   C:\Xilinx\14.7\ISE_DS\EDK\data\coremodel\axi\data\tools_axi_v1_01_a.txt line
   21 
WARNING:EDK:4131 - IPNAME: ps7_usb_0, PROPERTY:
   C_INTERCONNECT_M_AXI_ARB_PRIORITY - Failure in evaluting ISVALID expresion
   "(C_INCLUDE_DMA == 1)" -
   C:\Xilinx\14.7\ISE_DS\EDK\data\coremodel\axi\data\tools_axi_v1_01_a.txt line
   22 
WARNING:EDK:4131 - IPNAME: ps7_usb_0, PROPERTY: C_INTERCONNECT_M_AXI_AW_REGISTER
   - Failure in evaluting ISVALID expresion "(C_INCLUDE_DMA == 1)" -
   C:\Xilinx\14.7\ISE_DS\EDK\data\coremodel\axi\data\tools_axi_v1_01_a.txt line
   23 
WARNING:EDK:4131 - IPNAME: ps7_usb_0, PROPERTY: C_INTERCONNECT_M_AXI_AR_REGISTER
   - Failure in evaluting ISVALID expresion "(C_INCLUDE_DMA == 1)" -
   C:\Xilinx\14.7\ISE_DS\EDK\data\coremodel\axi\data\tools_axi_v1_01_a.txt line
   24 
WARNING:EDK:4131 - IPNAME: ps7_usb_0, PROPERTY: C_INTERCONNECT_M_AXI_W_REGISTER
   - Failure in evaluting ISVALID expresion "(C_INCLUDE_DMA == 1)" -
   C:\Xilinx\14.7\ISE_DS\EDK\data\coremodel\axi\data\tools_axi_v1_01_a.txt line
   25 
WARNING:EDK:4131 - IPNAME: ps7_usb_0, PROPERTY: C_INTERCONNECT_M_AXI_R_REGISTER
   - Failure in evaluting ISVALID expresion "(C_INCLUDE_DMA == 1)" -
   C:\Xilinx\14.7\ISE_DS\EDK\data\coremodel\axi\data\tools_axi_v1_01_a.txt line
   26 
WARNING:EDK:4131 - IPNAME: ps7_usb_0, PROPERTY: C_INTERCONNECT_M_AXI_B_REGISTER
   - Failure in evaluting ISVALID expresion "(C_INCLUDE_DMA == 1)" -
   C:\Xilinx\14.7\ISE_DS\EDK\data\coremodel\axi\data\tools_axi_v1_01_a.txt line
   27 
WARNING:EDK:4131 - IPNAME: ps7_usb_0, PROPERTY:
   C_INTERCONNECT_M_AXI_WRITE_FIFO_DEPTH - Failure in evaluting ISVALID
   expresion "(C_INCLUDE_DMA == 1)" -
   C:\Xilinx\14.7\ISE_DS\EDK\data\coremodel\axi\data\tools_axi_v1_01_a.txt line
   28 
WARNING:EDK:4131 - IPNAME: ps7_usb_0, PROPERTY:
   C_INTERCONNECT_M_AXI_READ_FIFO_DEPTH - Failure in evaluting ISVALID expresion
   "(C_INCLUDE_DMA == 1)" -
   C:\Xilinx\14.7\ISE_DS\EDK\data\coremodel\axi\data\tools_axi_v1_01_a.txt line
   29 
WARNING:EDK:4131 - IPNAME: ps7_usb_0, PROPERTY:
   C_INTERCONNECT_M_AXI_WRITE_ISSUING - Failure in evaluting ISVALID expresion
   "(C_INCLUDE_DMA == 1)" -
   C:\Xilinx\14.7\ISE_DS\EDK\data\coremodel\axi\data\tools_axi_v1_01_a.txt line
   30 
WARNING:EDK:4131 - IPNAME: ps7_usb_0, PROPERTY:
   C_INTERCONNECT_M_AXI_READ_ISSUING - Failure in evaluting ISVALID expresion
   "(C_INCLUDE_DMA == 1)" -
   C:\Xilinx\14.7\ISE_DS\EDK\data\coremodel\axi\data\tools_axi_v1_01_a.txt line
   31 
WARNING:EDK:4131 - IPNAME: ps7_usb_0, PROPERTY: M_AXI_ACLK - Failure in
   evaluting ISVALID expresion "(C_INCLUDE_DMA == 1)" -
   C:\Xilinx\14.7\ISE_DS\ISE\data\zynqconfig\ps7_internals\pcores\ps7_usb_v1_00_
   a\data\ps7_usb_v2_1_0.mpd line 119 
WARNING:EDK:4131 - IPNAME: ps7_usb_0, PROPERTY: M_AXI_ARESETN - Failure in
   evaluting ISVALID expresion "(C_INCLUDE_DMA == 1)" -
   C:\Xilinx\14.7\ISE_DS\ISE\data\zynqconfig\ps7_internals\pcores\ps7_usb_v1_00_
   a\data\ps7_usb_v2_1_0.mpd line 120 
WARNING:EDK:4131 - IPNAME: ps7_usb_0, PROPERTY: M_AXI_AWID - Failure in
   evaluting ISVALID expresion "(C_INCLUDE_DMA == 1)" -
   C:\Xilinx\14.7\ISE_DS\ISE\data\zynqconfig\ps7_internals\pcores\ps7_usb_v1_00_
   a\data\ps7_usb_v2_1_0.mpd line 121 
WARNING:EDK:4131 - IPNAME: ps7_usb_0, PROPERTY: M_AXI_AWADDR - Failure in
   evaluting ISVALID expresion "(C_INCLUDE_DMA == 1)" -
   C:\Xilinx\14.7\ISE_DS\ISE\data\zynqconfig\ps7_internals\pcores\ps7_usb_v1_00_
   a\data\ps7_usb_v2_1_0.mpd line 122 
WARNING:EDK:4131 - IPNAME: ps7_usb_0, PROPERTY: M_AXI_AWLEN - Failure in
   evaluting ISVALID expresion "(C_INCLUDE_DMA == 1)" -
   C:\Xilinx\14.7\ISE_DS\ISE\data\zynqconfig\ps7_internals\pcores\ps7_usb_v1_00_
   a\data\ps7_usb_v2_1_0.mpd line 123 
WARNING:EDK:4131 - IPNAME: ps7_usb_0, PROPERTY: M_AXI_AWSIZE - Failure in
   evaluting ISVALID expresion "(C_INCLUDE_DMA == 1)" -
   C:\Xilinx\14.7\ISE_DS\ISE\data\zynqconfig\ps7_internals\pcores\ps7_usb_v1_00_
   a\data\ps7_usb_v2_1_0.mpd line 124 
WARNING:EDK:4131 - IPNAME: ps7_usb_0, PROPERTY: M_AXI_AWBURST - Failure in
   evaluting ISVALID expresion "(C_INCLUDE_DMA == 1)" -
   C:\Xilinx\14.7\ISE_DS\ISE\data\zynqconfig\ps7_internals\pcores\ps7_usb_v1_00_
   a\data\ps7_usb_v2_1_0.mpd line 125 
WARNING:EDK:4131 - IPNAME: ps7_usb_0, PROPERTY: M_AXI_AWCACHE - Failure in
   evaluting ISVALID expresion "(C_INCLUDE_DMA == 1)" -
   C:\Xilinx\14.7\ISE_DS\ISE\data\zynqconfig\ps7_internals\pcores\ps7_usb_v1_00_
   a\data\ps7_usb_v2_1_0.mpd line 126 
WARNING:EDK:4131 - IPNAME: ps7_usb_0, PROPERTY: M_AXI_AWPROT - Failure in
   evaluting ISVALID expresion "(C_INCLUDE_DMA == 1)" -
   C:\Xilinx\14.7\ISE_DS\ISE\data\zynqconfig\ps7_internals\pcores\ps7_usb_v1_00_
   a\data\ps7_usb_v2_1_0.mpd line 127 
WARNING:EDK:4131 - IPNAME: ps7_usb_0, PROPERTY: M_AXI_AWLOCK - Failure in
   evaluting ISVALID expresion "(C_INCLUDE_DMA == 1)" -
   C:\Xilinx\14.7\ISE_DS\ISE\data\zynqconfig\ps7_internals\pcores\ps7_usb_v1_00_
   a\data\ps7_usb_v2_1_0.mpd line 128 
WARNING:EDK:4131 - IPNAME: ps7_usb_0, PROPERTY: M_AXI_AWVALID - Failure in
   evaluting ISVALID expresion "(C_INCLUDE_DMA == 1)" -
   C:\Xilinx\14.7\ISE_DS\ISE\data\zynqconfig\ps7_internals\pcores\ps7_usb_v1_00_
   a\data\ps7_usb_v2_1_0.mpd line 129 
WARNING:EDK:4131 - IPNAME: ps7_usb_0, PROPERTY: M_AXI_AWREADY - Failure in
   evaluting ISVALID expresion "(C_INCLUDE_DMA == 1)" -
   C:\Xilinx\14.7\ISE_DS\ISE\data\zynqconfig\ps7_internals\pcores\ps7_usb_v1_00_
   a\data\ps7_usb_v2_1_0.mpd line 130 
WARNING:EDK:4131 - IPNAME: ps7_usb_0, PROPERTY: M_AXI_WDATA - Failure in
   evaluting ISVALID expresion "(C_INCLUDE_DMA == 1)" -
   C:\Xilinx\14.7\ISE_DS\ISE\data\zynqconfig\ps7_internals\pcores\ps7_usb_v1_00_
   a\data\ps7_usb_v2_1_0.mpd line 131 
WARNING:EDK:4131 - IPNAME: ps7_usb_0, PROPERTY: M_AXI_WSTRB - Failure in
   evaluting ISVALID expresion "(C_INCLUDE_DMA == 1)" -
   C:\Xilinx\14.7\ISE_DS\ISE\data\zynqconfig\ps7_internals\pcores\ps7_usb_v1_00_
   a\data\ps7_usb_v2_1_0.mpd line 132 
WARNING:EDK:4131 - IPNAME: ps7_usb_0, PROPERTY: M_AXI_WLAST - Failure in
   evaluting ISVALID expresion "(C_INCLUDE_DMA == 1)" -
   C:\Xilinx\14.7\ISE_DS\ISE\data\zynqconfig\ps7_internals\pcores\ps7_usb_v1_00_
   a\data\ps7_usb_v2_1_0.mpd line 133 
WARNING:EDK:4131 - IPNAME: ps7_usb_0, PROPERTY: M_AXI_WVALID - Failure in
   evaluting ISVALID expresion "(C_INCLUDE_DMA == 1)" -
   C:\Xilinx\14.7\ISE_DS\ISE\data\zynqconfig\ps7_internals\pcores\ps7_usb_v1_00_
   a\data\ps7_usb_v2_1_0.mpd line 134 
WARNING:EDK:4131 - IPNAME: ps7_usb_0, PROPERTY: M_AXI_WREADY - Failure in
   evaluting ISVALID expresion "(C_INCLUDE_DMA == 1)" -
   C:\Xilinx\14.7\ISE_DS\ISE\data\zynqconfig\ps7_internals\pcores\ps7_usb_v1_00_
   a\data\ps7_usb_v2_1_0.mpd line 135 
WARNING:EDK:4131 - IPNAME: ps7_usb_0, PROPERTY: M_AXI_BID - Failure in evaluting
   ISVALID expresion "(C_INCLUDE_DMA == 1)" -
   C:\Xilinx\14.7\ISE_DS\ISE\data\zynqconfig\ps7_internals\pcores\ps7_usb_v1_00_
   a\data\ps7_usb_v2_1_0.mpd line 136 
WARNING:EDK:4131 - IPNAME: ps7_usb_0, PROPERTY: M_AXI_BRESP - Failure in
   evaluting ISVALID expresion "(C_INCLUDE_DMA == 1)" -
   C:\Xilinx\14.7\ISE_DS\ISE\data\zynqconfig\ps7_internals\pcores\ps7_usb_v1_00_
   a\data\ps7_usb_v2_1_0.mpd line 137 
WARNING:EDK:4131 - IPNAME: ps7_usb_0, PROPERTY: M_AXI_BVALID - Failure in
   evaluting ISVALID expresion "(C_INCLUDE_DMA == 1)" -
   C:\Xilinx\14.7\ISE_DS\ISE\data\zynqconfig\ps7_internals\pcores\ps7_usb_v1_00_
   a\data\ps7_usb_v2_1_0.mpd line 138 
WARNING:EDK:4131 - IPNAME: ps7_usb_0, PROPERTY: M_AXI_BREADY - Failure in
   evaluting ISVALID expresion "(C_INCLUDE_DMA == 1)" -
   C:\Xilinx\14.7\ISE_DS\ISE\data\zynqconfig\ps7_internals\pcores\ps7_usb_v1_00_
   a\data\ps7_usb_v2_1_0.mpd line 139 
WARNING:EDK:4131 - IPNAME: ps7_usb_0, PROPERTY: M_AXI_ARID - Failure in
   evaluting ISVALID expresion "(C_INCLUDE_DMA == 1)" -
   C:\Xilinx\14.7\ISE_DS\ISE\data\zynqconfig\ps7_internals\pcores\ps7_usb_v1_00_
   a\data\ps7_usb_v2_1_0.mpd line 140 
WARNING:EDK:4131 - IPNAME: ps7_usb_0, PROPERTY: M_AXI_ARADDR - Failure in
   evaluting ISVALID expresion "(C_INCLUDE_DMA == 1)" -
   C:\Xilinx\14.7\ISE_DS\ISE\data\zynqconfig\ps7_internals\pcores\ps7_usb_v1_00_
   a\data\ps7_usb_v2_1_0.mpd line 141 
WARNING:EDK:4131 - IPNAME: ps7_usb_0, PROPERTY: M_AXI_ARLEN - Failure in
   evaluting ISVALID expresion "(C_INCLUDE_DMA == 1)" -
   C:\Xilinx\14.7\ISE_DS\ISE\data\zynqconfig\ps7_internals\pcores\ps7_usb_v1_00_
   a\data\ps7_usb_v2_1_0.mpd line 142 
WARNING:EDK:4131 - IPNAME: ps7_usb_0, PROPERTY: M_AXI_ARSIZE - Failure in
   evaluting ISVALID expresion "(C_INCLUDE_DMA == 1)" -
   C:\Xilinx\14.7\ISE_DS\ISE\data\zynqconfig\ps7_internals\pcores\ps7_usb_v1_00_
   a\data\ps7_usb_v2_1_0.mpd line 143 
WARNING:EDK:4131 - IPNAME: ps7_usb_0, PROPERTY: M_AXI_ARBURST - Failure in
   evaluting ISVALID expresion "(C_INCLUDE_DMA == 1)" -
   C:\Xilinx\14.7\ISE_DS\ISE\data\zynqconfig\ps7_internals\pcores\ps7_usb_v1_00_
   a\data\ps7_usb_v2_1_0.mpd line 144 
WARNING:EDK:4131 - IPNAME: ps7_usb_0, PROPERTY: M_AXI_ARCACHE - Failure in
   evaluting ISVALID expresion "(C_INCLUDE_DMA == 1)" -
   C:\Xilinx\14.7\ISE_DS\ISE\data\zynqconfig\ps7_internals\pcores\ps7_usb_v1_00_
   a\data\ps7_usb_v2_1_0.mpd line 145 
WARNING:EDK:4131 - IPNAME: ps7_usb_0, PROPERTY: M_AXI_ARPROT - Failure in
   evaluting ISVALID expresion "(C_INCLUDE_DMA == 1)" -
   C:\Xilinx\14.7\ISE_DS\ISE\data\zynqconfig\ps7_internals\pcores\ps7_usb_v1_00_
   a\data\ps7_usb_v2_1_0.mpd line 146 
WARNING:EDK:4131 - IPNAME: ps7_usb_0, PROPERTY: M_AXI_ARLOCK - Failure in
   evaluting ISVALID expresion "(C_INCLUDE_DMA == 1)" -
   C:\Xilinx\14.7\ISE_DS\ISE\data\zynqconfig\ps7_internals\pcores\ps7_usb_v1_00_
   a\data\ps7_usb_v2_1_0.mpd line 147 
WARNING:EDK:4131 - IPNAME: ps7_usb_0, PROPERTY: M_AXI_ARVALID - Failure in
   evaluting ISVALID expresion "(C_INCLUDE_DMA == 1)" -
   C:\Xilinx\14.7\ISE_DS\ISE\data\zynqconfig\ps7_internals\pcores\ps7_usb_v1_00_
   a\data\ps7_usb_v2_1_0.mpd line 148 
WARNING:EDK:4131 - IPNAME: ps7_usb_0, PROPERTY: M_AXI_ARREADY - Failure in
   evaluting ISVALID expresion "(C_INCLUDE_DMA == 1)" -
   C:\Xilinx\14.7\ISE_DS\ISE\data\zynqconfig\ps7_internals\pcores\ps7_usb_v1_00_
   a\data\ps7_usb_v2_1_0.mpd line 149 
WARNING:EDK:4131 - IPNAME: ps7_usb_0, PROPERTY: M_AXI_RID - Failure in evaluting
   ISVALID expresion "(C_INCLUDE_DMA == 1)" -
   C:\Xilinx\14.7\ISE_DS\ISE\data\zynqconfig\ps7_internals\pcores\ps7_usb_v1_00_
   a\data\ps7_usb_v2_1_0.mpd line 150 
WARNING:EDK:4131 - IPNAME: ps7_usb_0, PROPERTY: M_AXI_RDATA - Failure in
   evaluting ISVALID expresion "(C_INCLUDE_DMA == 1)" -
   C:\Xilinx\14.7\ISE_DS\ISE\data\zynqconfig\ps7_internals\pcores\ps7_usb_v1_00_
   a\data\ps7_usb_v2_1_0.mpd line 151 
WARNING:EDK:4131 - IPNAME: ps7_usb_0, PROPERTY: M_AXI_RRESP - Failure in
   evaluting ISVALID expresion "(C_INCLUDE_DMA == 1)" -
   C:\Xilinx\14.7\ISE_DS\ISE\data\zynqconfig\ps7_internals\pcores\ps7_usb_v1_00_
   a\data\ps7_usb_v2_1_0.mpd line 152 
WARNING:EDK:4131 - IPNAME: ps7_usb_0, PROPERTY: M_AXI_RLAST - Failure in
   evaluting ISVALID expresion "(C_INCLUDE_DMA == 1)" -
   C:\Xilinx\14.7\ISE_DS\ISE\data\zynqconfig\ps7_internals\pcores\ps7_usb_v1_00_
   a\data\ps7_usb_v2_1_0.mpd line 153 
WARNING:EDK:4131 - IPNAME: ps7_usb_0, PROPERTY: M_AXI_RVALID - Failure in
   evaluting ISVALID expresion "(C_INCLUDE_DMA == 1)" -
   C:\Xilinx\14.7\ISE_DS\ISE\data\zynqconfig\ps7_internals\pcores\ps7_usb_v1_00_
   a\data\ps7_usb_v2_1_0.mpd line 154 
WARNING:EDK:4131 - IPNAME: ps7_usb_0, PROPERTY: M_AXI_RREADY - Failure in
   evaluting ISVALID expresion "(C_INCLUDE_DMA == 1)" -
   C:\Xilinx\14.7\ISE_DS\ISE\data\zynqconfig\ps7_internals\pcores\ps7_usb_v1_00_
   a\data\ps7_usb_v2_1_0.mpd line 155 
WARNING:EDK:4131 - IPNAME: ps7_usb_0, PROPERTY: M_AXI - Failure in evaluting
   ISVALID expresion "(C_INCLUDE_DMA == 1)" -
   C:\Xilinx\14.7\ISE_DS\ISE\data\zynqconfig\ps7_internals\pcores\ps7_usb_v1_00_
   a\data\ps7_usb_v2_1_0.mpd line 73 
WARNING:EDK:4131 - IPNAME: ps7_qspi_0, PROPERTY: SCK_I - Failure in evaluting
   ISVALID expresion "(C_USE_STARTUP==0)" -
   C:\Xilinx\14.7\ISE_DS\ISE\data\zynqconfig\ps7_internals\pcores\ps7_qspi_v1_00
   _a\data\ps7_qspi_v2_1_0.mpd line 102 
WARNING:EDK:4131 - IPNAME: ps7_qspi_0, PROPERTY: SCK_O - Failure in evaluting
   ISVALID expresion "(C_USE_STARTUP==0)" -
   C:\Xilinx\14.7\ISE_DS\ISE\data\zynqconfig\ps7_internals\pcores\ps7_qspi_v1_00
   _a\data\ps7_qspi_v2_1_0.mpd line 103 
WARNING:EDK:4131 - IPNAME: ps7_qspi_0, PROPERTY: SCK_T - Failure in evaluting
   ISVALID expresion "(C_USE_STARTUP==0)" -
   C:\Xilinx\14.7\ISE_DS\ISE\data\zynqconfig\ps7_internals\pcores\ps7_qspi_v1_00
   _a\data\ps7_qspi_v2_1_0.mpd line 104 
WARNING:EDK:4131 - IPNAME: ps7_qspi_0, PROPERTY: SCK - Failure in evaluting
   ISVALID expresion "(C_USE_STARTUP==0)" -
   C:\Xilinx\14.7\ISE_DS\ISE\data\zynqconfig\ps7_internals\pcores\ps7_qspi_v1_00
   _a\data\ps7_qspi_v2_1_0.mpd line 122 

Overriding IP level properties ...
WARNING:EDK:4131 - IPNAME: ps7_usb_0, PROPERTY: C_INTERCONNECT_M_AXI_BASE_ID -
   Failure in evaluting ISVALID expresion "(C_INCLUDE_DMA == 1)" -
   C:\Xilinx\14.7\ISE_DS\EDK\data\coremodel\axi\data\tools_axi_v1_01_a.txt line
   19 
WARNING:EDK:4131 - IPNAME: ps7_usb_0, PROPERTY:
   C_INTERCONNECT_M_AXI_IS_ACLK_ASYNC - Failure in evaluting ISVALID expresion
   "(C_INCLUDE_DMA == 1)" -
   C:\Xilinx\14.7\ISE_DS\EDK\data\coremodel\axi\data\tools_axi_v1_01_a.txt line
   20 
WARNING:EDK:4131 - IPNAME: ps7_usb_0, PROPERTY: C_INTERCONNECT_M_AXI_ACLK_RATIO
   - Failure in evaluting ISVALID expresion "(C_INCLUDE_DMA == 1)" -
   C:\Xilinx\14.7\ISE_DS\EDK\data\coremodel\axi\data\tools_axi_v1_01_a.txt line
   21 
WARNING:EDK:4131 - IPNAME: ps7_usb_0, PROPERTY:
   C_INTERCONNECT_M_AXI_ARB_PRIORITY - Failure in evaluting ISVALID expresion
   "(C_INCLUDE_DMA == 1)" -
   C:\Xilinx\14.7\ISE_DS\EDK\data\coremodel\axi\data\tools_axi_v1_01_a.txt line
   22 
WARNING:EDK:4131 - IPNAME: ps7_usb_0, PROPERTY: C_INTERCONNECT_M_AXI_AW_REGISTER
   - Failure in evaluting ISVALID expresion "(C_INCLUDE_DMA == 1)" -
   C:\Xilinx\14.7\ISE_DS\EDK\data\coremodel\axi\data\tools_axi_v1_01_a.txt line
   23 
WARNING:EDK:4131 - IPNAME: ps7_usb_0, PROPERTY: C_INTERCONNECT_M_AXI_AR_REGISTER
   - Failure in evaluting ISVALID expresion "(C_INCLUDE_DMA == 1)" -
   C:\Xilinx\14.7\ISE_DS\EDK\data\coremodel\axi\data\tools_axi_v1_01_a.txt line
   24 
WARNING:EDK:4131 - IPNAME: ps7_usb_0, PROPERTY: C_INTERCONNECT_M_AXI_W_REGISTER
   - Failure in evaluting ISVALID expresion "(C_INCLUDE_DMA == 1)" -
   C:\Xilinx\14.7\ISE_DS\EDK\data\coremodel\axi\data\tools_axi_v1_01_a.txt line
   25 
WARNING:EDK:4131 - IPNAME: ps7_usb_0, PROPERTY: C_INTERCONNECT_M_AXI_R_REGISTER
   - Failure in evaluting ISVALID expresion "(C_INCLUDE_DMA == 1)" -
   C:\Xilinx\14.7\ISE_DS\EDK\data\coremodel\axi\data\tools_axi_v1_01_a.txt line
   26 
WARNING:EDK:4131 - IPNAME: ps7_usb_0, PROPERTY: C_INTERCONNECT_M_AXI_B_REGISTER
   - Failure in evaluting ISVALID expresion "(C_INCLUDE_DMA == 1)" -
   C:\Xilinx\14.7\ISE_DS\EDK\data\coremodel\axi\data\tools_axi_v1_01_a.txt line
   27 
WARNING:EDK:4131 - IPNAME: ps7_usb_0, PROPERTY:
   C_INTERCONNECT_M_AXI_WRITE_FIFO_DEPTH - Failure in evaluting ISVALID
   expresion "(C_INCLUDE_DMA == 1)" -
   C:\Xilinx\14.7\ISE_DS\EDK\data\coremodel\axi\data\tools_axi_v1_01_a.txt line
   28 
WARNING:EDK:4131 - IPNAME: ps7_usb_0, PROPERTY:
   C_INTERCONNECT_M_AXI_READ_FIFO_DEPTH - Failure in evaluting ISVALID expresion
   "(C_INCLUDE_DMA == 1)" -
   C:\Xilinx\14.7\ISE_DS\EDK\data\coremodel\axi\data\tools_axi_v1_01_a.txt line
   29 
WARNING:EDK:4131 - IPNAME: ps7_usb_0, PROPERTY:
   C_INTERCONNECT_M_AXI_WRITE_ISSUING - Failure in evaluting ISVALID expresion
   "(C_INCLUDE_DMA == 1)" -
   C:\Xilinx\14.7\ISE_DS\EDK\data\coremodel\axi\data\tools_axi_v1_01_a.txt line
   30 
WARNING:EDK:4131 - IPNAME: ps7_usb_0, PROPERTY:
   C_INTERCONNECT_M_AXI_READ_ISSUING - Failure in evaluting ISVALID expresion
   "(C_INCLUDE_DMA == 1)" -
   C:\Xilinx\14.7\ISE_DS\EDK\data\coremodel\axi\data\tools_axi_v1_01_a.txt line
   31 
WARNING:EDK:4131 - IPNAME: ps7_usb_0, PROPERTY: M_AXI_ACLK - Failure in
   evaluting ISVALID expresion "(C_INCLUDE_DMA == 1)" -
   C:\Xilinx\14.7\ISE_DS\ISE\data\zynqconfig\ps7_internals\pcores\ps7_usb_v1_00_
   a\data\ps7_usb_v2_1_0.mpd line 119 
WARNING:EDK:4131 - IPNAME: ps7_usb_0, PROPERTY: M_AXI_ARESETN - Failure in
   evaluting ISVALID expresion "(C_INCLUDE_DMA == 1)" -
   C:\Xilinx\14.7\ISE_DS\ISE\data\zynqconfig\ps7_internals\pcores\ps7_usb_v1_00_
   a\data\ps7_usb_v2_1_0.mpd line 120 
WARNING:EDK:4131 - IPNAME: ps7_usb_0, PROPERTY: M_AXI_AWID - Failure in
   evaluting ISVALID expresion "(C_INCLUDE_DMA == 1)" -
   C:\Xilinx\14.7\ISE_DS\ISE\data\zynqconfig\ps7_internals\pcores\ps7_usb_v1_00_
   a\data\ps7_usb_v2_1_0.mpd line 121 
WARNING:EDK:4131 - IPNAME: ps7_usb_0, PROPERTY: M_AXI_AWADDR - Failure in
   evaluting ISVALID expresion "(C_INCLUDE_DMA == 1)" -
   C:\Xilinx\14.7\ISE_DS\ISE\data\zynqconfig\ps7_internals\pcores\ps7_usb_v1_00_
   a\data\ps7_usb_v2_1_0.mpd line 122 
WARNING:EDK:4131 - IPNAME: ps7_usb_0, PROPERTY: M_AXI_AWLEN - Failure in
   evaluting ISVALID expresion "(C_INCLUDE_DMA == 1)" -
   C:\Xilinx\14.7\ISE_DS\ISE\data\zynqconfig\ps7_internals\pcores\ps7_usb_v1_00_
   a\data\ps7_usb_v2_1_0.mpd line 123 
WARNING:EDK:4131 - IPNAME: ps7_usb_0, PROPERTY: M_AXI_AWSIZE - Failure in
   evaluting ISVALID expresion "(C_INCLUDE_DMA == 1)" -
   C:\Xilinx\14.7\ISE_DS\ISE\data\zynqconfig\ps7_internals\pcores\ps7_usb_v1_00_
   a\data\ps7_usb_v2_1_0.mpd line 124 
WARNING:EDK:4131 - IPNAME: ps7_usb_0, PROPERTY: M_AXI_AWBURST - Failure in
   evaluting ISVALID expresion "(C_INCLUDE_DMA == 1)" -
   C:\Xilinx\14.7\ISE_DS\ISE\data\zynqconfig\ps7_internals\pcores\ps7_usb_v1_00_
   a\data\ps7_usb_v2_1_0.mpd line 125 
WARNING:EDK:4131 - IPNAME: ps7_usb_0, PROPERTY: M_AXI_AWCACHE - Failure in
   evaluting ISVALID expresion "(C_INCLUDE_DMA == 1)" -
   C:\Xilinx\14.7\ISE_DS\ISE\data\zynqconfig\ps7_internals\pcores\ps7_usb_v1_00_
   a\data\ps7_usb_v2_1_0.mpd line 126 
WARNING:EDK:4131 - IPNAME: ps7_usb_0, PROPERTY: M_AXI_AWPROT - Failure in
   evaluting ISVALID expresion "(C_INCLUDE_DMA == 1)" -
   C:\Xilinx\14.7\ISE_DS\ISE\data\zynqconfig\ps7_internals\pcores\ps7_usb_v1_00_
   a\data\ps7_usb_v2_1_0.mpd line 127 
WARNING:EDK:4131 - IPNAME: ps7_usb_0, PROPERTY: M_AXI_AWLOCK - Failure in
   evaluting ISVALID expresion "(C_INCLUDE_DMA == 1)" -
   C:\Xilinx\14.7\ISE_DS\ISE\data\zynqconfig\ps7_internals\pcores\ps7_usb_v1_00_
   a\data\ps7_usb_v2_1_0.mpd line 128 
WARNING:EDK:4131 - IPNAME: ps7_usb_0, PROPERTY: M_AXI_AWVALID - Failure in
   evaluting ISVALID expresion "(C_INCLUDE_DMA == 1)" -
   C:\Xilinx\14.7\ISE_DS\ISE\data\zynqconfig\ps7_internals\pcores\ps7_usb_v1_00_
   a\data\ps7_usb_v2_1_0.mpd line 129 
WARNING:EDK:4131 - IPNAME: ps7_usb_0, PROPERTY: M_AXI_AWREADY - Failure in
   evaluting ISVALID expresion "(C_INCLUDE_DMA == 1)" -
   C:\Xilinx\14.7\ISE_DS\ISE\data\zynqconfig\ps7_internals\pcores\ps7_usb_v1_00_
   a\data\ps7_usb_v2_1_0.mpd line 130 
WARNING:EDK:4131 - IPNAME: ps7_usb_0, PROPERTY: M_AXI_WDATA - Failure in
   evaluting ISVALID expresion "(C_INCLUDE_DMA == 1)" -
   C:\Xilinx\14.7\ISE_DS\ISE\data\zynqconfig\ps7_internals\pcores\ps7_usb_v1_00_
   a\data\ps7_usb_v2_1_0.mpd line 131 
WARNING:EDK:4131 - IPNAME: ps7_usb_0, PROPERTY: M_AXI_WSTRB - Failure in
   evaluting ISVALID expresion "(C_INCLUDE_DMA == 1)" -
   C:\Xilinx\14.7\ISE_DS\ISE\data\zynqconfig\ps7_internals\pcores\ps7_usb_v1_00_
   a\data\ps7_usb_v2_1_0.mpd line 132 
WARNING:EDK:4131 - IPNAME: ps7_usb_0, PROPERTY: M_AXI_WLAST - Failure in
   evaluting ISVALID expresion "(C_INCLUDE_DMA == 1)" -
   C:\Xilinx\14.7\ISE_DS\ISE\data\zynqconfig\ps7_internals\pcores\ps7_usb_v1_00_
   a\data\ps7_usb_v2_1_0.mpd line 133 
WARNING:EDK:4131 - IPNAME: ps7_usb_0, PROPERTY: M_AXI_WVALID - Failure in
   evaluting ISVALID expresion "(C_INCLUDE_DMA == 1)" -
   C:\Xilinx\14.7\ISE_DS\ISE\data\zynqconfig\ps7_internals\pcores\ps7_usb_v1_00_
   a\data\ps7_usb_v2_1_0.mpd line 134 
WARNING:EDK:4131 - IPNAME: ps7_usb_0, PROPERTY: M_AXI_WREADY - Failure in
   evaluting ISVALID expresion "(C_INCLUDE_DMA == 1)" -
   C:\Xilinx\14.7\ISE_DS\ISE\data\zynqconfig\ps7_internals\pcores\ps7_usb_v1_00_
   a\data\ps7_usb_v2_1_0.mpd line 135 
WARNING:EDK:4131 - IPNAME: ps7_usb_0, PROPERTY: M_AXI_BID - Failure in evaluting
   ISVALID expresion "(C_INCLUDE_DMA == 1)" -
   C:\Xilinx\14.7\ISE_DS\ISE\data\zynqconfig\ps7_internals\pcores\ps7_usb_v1_00_
   a\data\ps7_usb_v2_1_0.mpd line 136 
WARNING:EDK:4131 - IPNAME: ps7_usb_0, PROPERTY: M_AXI_BRESP - Failure in
   evaluting ISVALID expresion "(C_INCLUDE_DMA == 1)" -
   C:\Xilinx\14.7\ISE_DS\ISE\data\zynqconfig\ps7_internals\pcores\ps7_usb_v1_00_
   a\data\ps7_usb_v2_1_0.mpd line 137 
WARNING:EDK:4131 - IPNAME: ps7_usb_0, PROPERTY: M_AXI_BVALID - Failure in
   evaluting ISVALID expresion "(C_INCLUDE_DMA == 1)" -
   C:\Xilinx\14.7\ISE_DS\ISE\data\zynqconfig\ps7_internals\pcores\ps7_usb_v1_00_
   a\data\ps7_usb_v2_1_0.mpd line 138 
WARNING:EDK:4131 - IPNAME: ps7_usb_0, PROPERTY: M_AXI_BREADY - Failure in
   evaluting ISVALID expresion "(C_INCLUDE_DMA == 1)" -
   C:\Xilinx\14.7\ISE_DS\ISE\data\zynqconfig\ps7_internals\pcores\ps7_usb_v1_00_
   a\data\ps7_usb_v2_1_0.mpd line 139 
WARNING:EDK:4131 - IPNAME: ps7_usb_0, PROPERTY: M_AXI_ARID - Failure in
   evaluting ISVALID expresion "(C_INCLUDE_DMA == 1)" -
   C:\Xilinx\14.7\ISE_DS\ISE\data\zynqconfig\ps7_internals\pcores\ps7_usb_v1_00_
   a\data\ps7_usb_v2_1_0.mpd line 140 
WARNING:EDK:4131 - IPNAME: ps7_usb_0, PROPERTY: M_AXI_ARADDR - Failure in
   evaluting ISVALID expresion "(C_INCLUDE_DMA == 1)" -
   C:\Xilinx\14.7\ISE_DS\ISE\data\zynqconfig\ps7_internals\pcores\ps7_usb_v1_00_
   a\data\ps7_usb_v2_1_0.mpd line 141 
WARNING:EDK:4131 - IPNAME: ps7_usb_0, PROPERTY: M_AXI_ARLEN - Failure in
   evaluting ISVALID expresion "(C_INCLUDE_DMA == 1)" -
   C:\Xilinx\14.7\ISE_DS\ISE\data\zynqconfig\ps7_internals\pcores\ps7_usb_v1_00_
   a\data\ps7_usb_v2_1_0.mpd line 142 
WARNING:EDK:4131 - IPNAME: ps7_usb_0, PROPERTY: M_AXI_ARSIZE - Failure in
   evaluting ISVALID expresion "(C_INCLUDE_DMA == 1)" -
   C:\Xilinx\14.7\ISE_DS\ISE\data\zynqconfig\ps7_internals\pcores\ps7_usb_v1_00_
   a\data\ps7_usb_v2_1_0.mpd line 143 
WARNING:EDK:4131 - IPNAME: ps7_usb_0, PROPERTY: M_AXI_ARBURST - Failure in
   evaluting ISVALID expresion "(C_INCLUDE_DMA == 1)" -
   C:\Xilinx\14.7\ISE_DS\ISE\data\zynqconfig\ps7_internals\pcores\ps7_usb_v1_00_
   a\data\ps7_usb_v2_1_0.mpd line 144 
WARNING:EDK:4131 - IPNAME: ps7_usb_0, PROPERTY: M_AXI_ARCACHE - Failure in
   evaluting ISVALID expresion "(C_INCLUDE_DMA == 1)" -
   C:\Xilinx\14.7\ISE_DS\ISE\data\zynqconfig\ps7_internals\pcores\ps7_usb_v1_00_
   a\data\ps7_usb_v2_1_0.mpd line 145 
WARNING:EDK:4131 - IPNAME: ps7_usb_0, PROPERTY: M_AXI_ARPROT - Failure in
   evaluting ISVALID expresion "(C_INCLUDE_DMA == 1)" -
   C:\Xilinx\14.7\ISE_DS\ISE\data\zynqconfig\ps7_internals\pcores\ps7_usb_v1_00_
   a\data\ps7_usb_v2_1_0.mpd line 146 
WARNING:EDK:4131 - IPNAME: ps7_usb_0, PROPERTY: M_AXI_ARLOCK - Failure in
   evaluting ISVALID expresion "(C_INCLUDE_DMA == 1)" -
   C:\Xilinx\14.7\ISE_DS\ISE\data\zynqconfig\ps7_internals\pcores\ps7_usb_v1_00_
   a\data\ps7_usb_v2_1_0.mpd line 147 
WARNING:EDK:4131 - IPNAME: ps7_usb_0, PROPERTY: M_AXI_ARVALID - Failure in
   evaluting ISVALID expresion "(C_INCLUDE_DMA == 1)" -
   C:\Xilinx\14.7\ISE_DS\ISE\data\zynqconfig\ps7_internals\pcores\ps7_usb_v1_00_
   a\data\ps7_usb_v2_1_0.mpd line 148 
WARNING:EDK:4131 - IPNAME: ps7_usb_0, PROPERTY: M_AXI_ARREADY - Failure in
   evaluting ISVALID expresion "(C_INCLUDE_DMA == 1)" -
   C:\Xilinx\14.7\ISE_DS\ISE\data\zynqconfig\ps7_internals\pcores\ps7_usb_v1_00_
   a\data\ps7_usb_v2_1_0.mpd line 149 
WARNING:EDK:4131 - IPNAME: ps7_usb_0, PROPERTY: M_AXI_RID - Failure in evaluting
   ISVALID expresion "(C_INCLUDE_DMA == 1)" -
   C:\Xilinx\14.7\ISE_DS\ISE\data\zynqconfig\ps7_internals\pcores\ps7_usb_v1_00_
   a\data\ps7_usb_v2_1_0.mpd line 150 
WARNING:EDK:4131 - IPNAME: ps7_usb_0, PROPERTY: M_AXI_RDATA - Failure in
   evaluting ISVALID expresion "(C_INCLUDE_DMA == 1)" -
   C:\Xilinx\14.7\ISE_DS\ISE\data\zynqconfig\ps7_internals\pcores\ps7_usb_v1_00_
   a\data\ps7_usb_v2_1_0.mpd line 151 
WARNING:EDK:4131 - IPNAME: ps7_usb_0, PROPERTY: M_AXI_RRESP - Failure in
   evaluting ISVALID expresion "(C_INCLUDE_DMA == 1)" -
   C:\Xilinx\14.7\ISE_DS\ISE\data\zynqconfig\ps7_internals\pcores\ps7_usb_v1_00_
   a\data\ps7_usb_v2_1_0.mpd line 152 
WARNING:EDK:4131 - IPNAME: ps7_usb_0, PROPERTY: M_AXI_RLAST - Failure in
   evaluting ISVALID expresion "(C_INCLUDE_DMA == 1)" -
   C:\Xilinx\14.7\ISE_DS\ISE\data\zynqconfig\ps7_internals\pcores\ps7_usb_v1_00_
   a\data\ps7_usb_v2_1_0.mpd line 153 
WARNING:EDK:4131 - IPNAME: ps7_usb_0, PROPERTY: M_AXI_RVALID - Failure in
   evaluting ISVALID expresion "(C_INCLUDE_DMA == 1)" -
   C:\Xilinx\14.7\ISE_DS\ISE\data\zynqconfig\ps7_internals\pcores\ps7_usb_v1_00_
   a\data\ps7_usb_v2_1_0.mpd line 154 
WARNING:EDK:4131 - IPNAME: ps7_usb_0, PROPERTY: M_AXI_RREADY - Failure in
   evaluting ISVALID expresion "(C_INCLUDE_DMA == 1)" -
   C:\Xilinx\14.7\ISE_DS\ISE\data\zynqconfig\ps7_internals\pcores\ps7_usb_v1_00_
   a\data\ps7_usb_v2_1_0.mpd line 155 
WARNING:EDK:4131 - IPNAME: ps7_usb_0, PROPERTY: M_AXI - Failure in evaluting
   ISVALID expresion "(C_INCLUDE_DMA == 1)" -
   C:\Xilinx\14.7\ISE_DS\ISE\data\zynqconfig\ps7_internals\pcores\ps7_usb_v1_00_
   a\data\ps7_usb_v2_1_0.mpd line 73 
WARNING:EDK:4131 - IPNAME: ps7_qspi_0, PROPERTY: SCK_I - Failure in evaluting
   ISVALID expresion "(C_USE_STARTUP==0)" -
   C:\Xilinx\14.7\ISE_DS\ISE\data\zynqconfig\ps7_internals\pcores\ps7_qspi_v1_00
   _a\data\ps7_qspi_v2_1_0.mpd line 102 
WARNING:EDK:4131 - IPNAME: ps7_qspi_0, PROPERTY: SCK_O - Failure in evaluting
   ISVALID expresion "(C_USE_STARTUP==0)" -
   C:\Xilinx\14.7\ISE_DS\ISE\data\zynqconfig\ps7_internals\pcores\ps7_qspi_v1_00
   _a\data\ps7_qspi_v2_1_0.mpd line 103 
WARNING:EDK:4131 - IPNAME: ps7_qspi_0, PROPERTY: SCK_T - Failure in evaluting
   ISVALID expresion "(C_USE_STARTUP==0)" -
   C:\Xilinx\14.7\ISE_DS\ISE\data\zynqconfig\ps7_internals\pcores\ps7_qspi_v1_00
   _a\data\ps7_qspi_v2_1_0.mpd line 104 
WARNING:EDK:4131 - IPNAME: ps7_qspi_0, PROPERTY: SCK - Failure in evaluting
   ISVALID expresion "(C_USE_STARTUP==0)" -
   C:\Xilinx\14.7\ISE_DS\ISE\data\zynqconfig\ps7_internals\pcores\ps7_qspi_v1_00
   _a\data\ps7_qspi_v2_1_0.mpd line 122 

Computing clock values...

Performing IP level DRCs on properties...

Running DRC Tcl procedures for OPTION IPLEVEL_DRC_PROC...
Address Map for Processor ps7_cortexa9_0
  (0000000000-0x0002ffff) ps7_ram_0	ps7_axi_interconnect_0
  (0x00100000-0x1fffffff) ps7_ddr_0	ps7_axi_interconnect_0
  (0x41200000-0x4120ffff) axi_gpio_0	ps7_axi_interconnect_0->axi_interconnect_1
  (0x61600000-0x6160ffff) my_adder_0	ps7_axi_interconnect_0->axi_interconnect_1
  (0xe0001000-0xe0001fff) ps7_uart_1	ps7_axi_interconnect_0
  (0xe0002000-0xe0002fff) ps7_usb_0	ps7_axi_interconnect_0
  (0xe000a000-0xe000afff) ps7_gpio_0	ps7_axi_interconnect_0
  (0xe000b000-0xe000bfff) ps7_ethernet_0	ps7_axi_interconnect_0
  (0xe000d000-0xe000dfff) ps7_qspi_0	ps7_axi_interconnect_0
  (0xe0100000-0xe0100fff) ps7_sd_0	ps7_axi_interconnect_0
  (0xe0200000-0xe0200fff) ps7_iop_bus_config_0	ps7_axi_interconnect_0
  (0xf8000000-0xf8000fff) ps7_slcr_0	ps7_axi_interconnect_0
  (0xf8001000-0xf8001fff) ps7_ttc_0	ps7_axi_interconnect_0
  (0xf8003000-0xf8003fff) ps7_dma_s	ps7_axi_interconnect_0
  (0xf8004000-0xf8004fff) ps7_dma_ns	ps7_axi_interconnect_0
  (0xf8006000-0xf8006fff) ps7_ddrc_0	ps7_axi_interconnect_0
  (0xf8007000-0xf80070ff) ps7_dev_cfg_0	ps7_axi_interconnect_0
  (0xf8007100-0xf8007120) ps7_xadc_0	ps7_axi_interconnect_0
  (0xf8008000-0xf8008fff) ps7_afi_0	ps7_axi_interconnect_0
  (0xf8009000-0xf8009fff) ps7_afi_1	ps7_axi_interconnect_0
  (0xf800a000-0xf800afff) ps7_afi_2	ps7_axi_interconnect_0
  (0xf800b000-0xf800bfff) ps7_afi_3	ps7_axi_interconnect_0
  (0xf800c000-0xf800cfff) ps7_ocmc_0	ps7_axi_interconnect_0
  (0xf8800000-0xf88fffff) ps7_coresight_comp_0	ps7_axi_interconnect_0
  (0xf8900000-0xf89fffff) ps7_gpv_0	ps7_axi_interconnect_0
  (0xf8f00000-0xf8f000fc) ps7_scuc_0	ps7_axi_interconnect_0
  (0xf8f00100-0xf8f001ff) ps7_scugic_0	ps7_axi_interconnect_0
  (0xf8f00200-0xf8f002ff) ps7_globaltimer_0	ps7_axi_interconnect_0
  (0xf8f00600-0xf8f0061f) ps7_scutimer_0	ps7_axi_interconnect_0
  (0xf8f00620-0xf8f006ff) ps7_scuwdt_0	ps7_axi_interconnect_0
  (0xf8f01000-0xf8f01fff) ps7_intc_dist_0	ps7_axi_interconnect_0
  (0xf8f02000-0xf8f02fff) ps7_l2cachec_0	ps7_axi_interconnect_0
  (0xfc000000-0xfcffffff) ps7_qspi_linear_0	ps7_axi_interconnect_0
  (0xffff0000-0xfffffdff) ps7_ram_1	ps7_axi_interconnect_0
Address Map for Processor ps7_cortexa9_1
  (0000000000-0x0002ffff) ps7_ram_0	ps7_axi_interconnect_0
  (0x00100000-0x1fffffff) ps7_ddr_0	ps7_axi_interconnect_0
  (0x41200000-0x4120ffff) axi_gpio_0	ps7_axi_interconnect_0->axi_interconnect_1
  (0x61600000-0x6160ffff) my_adder_0	ps7_axi_interconnect_0->axi_interconnect_1
  (0xe0001000-0xe0001fff) ps7_uart_1	ps7_axi_interconnect_0
  (0xe0002000-0xe0002fff) ps7_usb_0	ps7_axi_interconnect_0
  (0xe000a000-0xe000afff) ps7_gpio_0	ps7_axi_interconnect_0
  (0xe000b000-0xe000bfff) ps7_ethernet_0	ps7_axi_interconnect_0
  (0xe000d000-0xe000dfff) ps7_qspi_0	ps7_axi_interconnect_0
  (0xe0100000-0xe0100fff) ps7_sd_0	ps7_axi_interconnect_0
  (0xe0200000-0xe0200fff) ps7_iop_bus_config_0	ps7_axi_interconnect_0
  (0xf8000000-0xf8000fff) ps7_slcr_0	ps7_axi_interconnect_0
  (0xf8001000-0xf8001fff) ps7_ttc_0	ps7_axi_interconnect_0
  (0xf8003000-0xf8003fff) ps7_dma_s	ps7_axi_interconnect_0
  (0xf8004000-0xf8004fff) ps7_dma_ns	ps7_axi_interconnect_0
  (0xf8006000-0xf8006fff) ps7_ddrc_0	ps7_axi_interconnect_0
  (0xf8007000-0xf80070ff) ps7_dev_cfg_0	ps7_axi_interconnect_0
  (0xf8007100-0xf8007120) ps7_xadc_0	ps7_axi_interconnect_0
  (0xf8008000-0xf8008fff) ps7_afi_0	ps7_axi_interconnect_0
  (0xf8009000-0xf8009fff) ps7_afi_1	ps7_axi_interconnect_0
  (0xf800a000-0xf800afff) ps7_afi_2	ps7_axi_interconnect_0
  (0xf800b000-0xf800bfff) ps7_afi_3	ps7_axi_interconnect_0
  (0xf800c000-0xf800cfff) ps7_ocmc_0	ps7_axi_interconnect_0
  (0xf8800000-0xf88fffff) ps7_coresight_comp_0	ps7_axi_interconnect_0
  (0xf8900000-0xf89fffff) ps7_gpv_0	ps7_axi_interconnect_0
  (0xf8f00000-0xf8f000fc) ps7_scuc_0	ps7_axi_interconnect_0
  (0xf8f00100-0xf8f001ff) ps7_scugic_0	ps7_axi_interconnect_0
  (0xf8f00200-0xf8f002ff) ps7_globaltimer_0	ps7_axi_interconnect_0
  (0xf8f00600-0xf8f0061f) ps7_scutimer_0	ps7_axi_interconnect_0
  (0xf8f00620-0xf8f006ff) ps7_scuwdt_0	ps7_axi_interconnect_0
  (0xf8f01000-0xf8f01fff) ps7_intc_dist_0	ps7_axi_interconnect_0
  (0xf8f02000-0xf8f02fff) ps7_l2cachec_0	ps7_axi_interconnect_0
  (0xfc000000-0xfcffffff) ps7_qspi_linear_0	ps7_axi_interconnect_0
  (0xffff0000-0xfffffdff) ps7_ram_1	ps7_axi_interconnect_0

Checking platform address map ...
Conversion to XML complete.
xdsgen -inp system.xmp -report C:/Users/user/Desktop/ZED_LAB/LED_CTR/LED_CTR.sdk/SDK/SDK_Export/hw/system.html  -make_docs_local
Release 14.7 - xdsgen EDK_P.20131013 (nt64)
Copyright (c) 1995-2013 Xilinx, Inc.  All rights reserved.
WARNING:EDK:4092 - IPNAME: processing_system7, INSTANCE: processing_system7_0 -
   Pre-Production version not verified on hardware for architecture 'zynq' -
   C:\Users\user\Desktop\ZED_LAB\LED_CTR\LED_CTR.srcs\sources_1\edk\system\syste
   m.mhs line 30 
WARNING:EDK:878 - Could not find IP doc
   http://www.xilinx.com/cgi-bin/docs/ipdoc?c=axi_interconnect;v=v1_06_a;d=ds768
   _axi_interconnect.pdf
WARNING:EDK:878 - Could not find IP doc
   http://www.xilinx.com/cgi-bin/docs/ipdoc?c=axi_gpio;v=v1_01_b;d=ds744_axi_gpi
   o.pdf
Generated Block Diagram.
Rasterizing processing_system7_0.jpg.....
Rasterizing my_adder_0.jpg.....
Rasterizing axi_interconnect_1.jpg.....
Rasterizing axi_gpio_0.jpg.....
Rasterizing system_blkd.jpg.....
Report generated.
Report generation completed.
""
"WARNING: The option to export bit and bmm files to SDK is set to false. Existing bit and bmm files in the C:/Users/user/Desktop/ZED_LAB/LED_CTR/LED_CTR.sdk/SDK/SDK_Export/hw directory (if any) will be deleted."
""
INFO: [Edk 24-68] exporting bit file 'C:/Users/user/Desktop/ZED_LAB/LED_CTR/LED_CTR.runs/impl_1/system_stub.bit'...
INFO: [Edk 24-142] Hardware platform data exported to 'C:/Users/user/Desktop/ZED_LAB/LED_CTR/LED_CTR.sdk/SDK/SDK_Export/hw'
export_hardware: Time (s): elapsed = 00:00:38 . Memory (MB): peak = 865.406 ; gain = 0.000
launch_sdk -bit C:/Users/user/Desktop/ZED_LAB/LED_CTR/LED_CTR.sdk/SDK/SDK_Export/hw/system_stub.bit -workspace C:/Users/user/Desktop/ZED_LAB/LED_CTR/LED_CTR.sdk/SDK/SDK_Export -hwspec C:/Users/user/Desktop/ZED_LAB/LED_CTR/LED_CTR.sdk/SDK/SDK_Export/hw/system.xml
INFO: [PlanAhead 12-393] Launching SDK...
INFO: [PlanAhead 12-417] Running xsdk -bit C:/Users/user/Desktop/ZED_LAB/LED_CTR/LED_CTR.sdk/SDK/SDK_Export/hw/system_stub.bit -workspace C:/Users/user/Desktop/ZED_LAB/LED_CTR/LED_CTR.sdk/SDK/SDK_Export -hwspec C:/Users/user/Desktop/ZED_LAB/LED_CTR/LED_CTR.sdk/SDK/SDK_Export/hw/system.xml
INFO: [PlanAhead 12-418] SDK launched successfully
exit
INFO: [Common 17-206] Exiting PlanAhead at Tue May 26 20:08:36 2015...
INFO: [Common 17-83] Releasing license: PlanAhead
