Release 14.7 - ngc2edif P.20131013 (nt64)
Copyright (c) 1995-2013 Xilinx, Inc.  All rights reserved.
Reading design system_stub.ngc ...
WARNING:NetListWriters:298 - No output is written to system_stub.xncf, ignored.
Processing design ...
   Preping design's networks ...
   Preping design's macros ...
  finished :Prep
Writing EDIF netlist file system_stub.edif ...
ngc2edif: Total memory usage is 81296 kilobytes

Release 14.7 - ngc2edif P.20131013 (nt64)
Copyright (c) 1995-2013 Xilinx, Inc.  All rights reserved.
Reading design system.ngc ...
WARNING:NetListWriters:298 - No output is written to system.xncf, ignored.
Processing design ...
   Preping design's networks ...
   Preping design's macros ...
  finished :Prep
Writing EDIF netlist file system.edif ...
ngc2edif: Total memory usage is 84240 kilobytes

Release 14.7 - ngc2edif P.20131013 (nt64)
Copyright (c) 1995-2013 Xilinx, Inc.  All rights reserved.
Reading design system_processing_system7_0_wrapper.ngc ...
WARNING:NetListWriters:298 - No output is written to
   system_processing_system7_0_wrapper.xncf, ignored.
Processing design ...
   Preping design's networks ...
   Preping design's macros ...
  finished :Prep
Writing EDIF netlist file system_processing_system7_0_wrapper.edif ...
ngc2edif: Total memory usage is 85008 kilobytes

Release 14.7 - ngc2edif P.20131013 (nt64)
Copyright (c) 1995-2013 Xilinx, Inc.  All rights reserved.
Reading design system_axi_interconnect_1_wrapper.ngc ...
WARNING:NetListWriters:298 - No output is written to
   system_axi_interconnect_1_wrapper.xncf, ignored.
Processing design ...
   Preping design's networks ...
   Preping design's macros ...
WARNING:NetListWriters:306 - Signal bus
   axi_interconnect_1/crossbar_samd/gen_sasd.crossbar_sasd_0/gen_crossbar.addr_a
   rbiter_inst/m_amesg_i[65 : 0] on block system_axi_interconnect_1_wrapper is
   not reconstructed, because there are some missing bus signals.
WARNING:NetListWriters:306 - Signal bus
   axi_interconnect_1/crossbar_samd/gen_sasd.crossbar_sasd_0/gen_crossbar.addr_a
   rbiter_inst/s_amesg[65 : 0] on block system_axi_interconnect_1_wrapper is not
   reconstructed, because there are some missing bus signals.
  finished :Prep
Writing EDIF netlist file system_axi_interconnect_1_wrapper.edif ...
ngc2edif: Total memory usage is 82768 kilobytes

Release 14.7 - ngc2edif P.20131013 (nt64)
Copyright (c) 1995-2013 Xilinx, Inc.  All rights reserved.
Reading design system_my_adder_0_wrapper.ngc ...
WARNING:NetListWriters:298 - No output is written to
   system_my_adder_0_wrapper.xncf, ignored.
Processing design ...
   Preping design's networks ...
   Preping design's macros ...
  finished :Prep
Writing EDIF netlist file system_my_adder_0_wrapper.edif ...
ngc2edif: Total memory usage is 81168 kilobytes

Release 14.7 - ngc2edif P.20131013 (nt64)
Copyright (c) 1995-2013 Xilinx, Inc.  All rights reserved.
Reading design system_axi_gpio_0_wrapper.ngc ...
WARNING:NetListWriters:298 - No output is written to
   system_axi_gpio_0_wrapper.xncf, ignored.
Processing design ...
   Preping design's networks ...
   Preping design's macros ...
  finished :Prep
Writing EDIF netlist file system_axi_gpio_0_wrapper.edif ...
ngc2edif: Total memory usage is 81488 kilobytes

Release 14.7 - ngc2edif P.20131013 (nt64)
Copyright (c) 1995-2013 Xilinx, Inc.  All rights reserved.
Reading design system_stub.ngc ...
WARNING:NetListWriters:298 - No output is written to system_stub.xncf, ignored.
Processing design ...
   Preping design's networks ...
   Preping design's macros ...
  finished :Prep
Writing EDIF netlist file system_stub.edif ...
ngc2edif: Total memory usage is 81168 kilobytes

Release 14.7 - ngc2edif P.20131013 (nt64)
Copyright (c) 1995-2013 Xilinx, Inc.  All rights reserved.
Reading design system_stub.ngc ...
WARNING:NetListWriters:298 - No output is written to system_stub.xncf, ignored.
Processing design ...
   Preping design's networks ...
   Preping design's macros ...
  finished :Prep
Writing EDIF netlist file system_stub.edif ...
ngc2edif: Total memory usage is 81168 kilobytes

Release 14.7 - ngc2edif P.20131013 (nt64)
Copyright (c) 1995-2013 Xilinx, Inc.  All rights reserved.
Reading design system_stub.ngc ...
WARNING:NetListWriters:298 - No output is written to system_stub.xncf, ignored.
Processing design ...
   Preping design's networks ...
   Preping design's macros ...
  finished :Prep
Writing EDIF netlist file system_stub.edif ...
ngc2edif: Total memory usage is 81680 kilobytes

Release 14.7 - ngc2edif P.20131013 (nt64)
Copyright (c) 1995-2013 Xilinx, Inc.  All rights reserved.
Reading design system_stub.ngc ...
WARNING:NetListWriters:298 - No output is written to system_stub.xncf, ignored.
Processing design ...
   Preping design's networks ...
   Preping design's macros ...
  finished :Prep
Writing EDIF netlist file system_stub.edif ...
ngc2edif: Total memory usage is 81168 kilobytes

Release 14.7 - ngc2edif P.20131013 (nt64)
Copyright (c) 1995-2013 Xilinx, Inc.  All rights reserved.
Reading design system.ngc ...
WARNING:NetListWriters:298 - No output is written to system.xncf, ignored.
Processing design ...
   Preping design's networks ...
   Preping design's macros ...
  finished :Prep
Writing EDIF netlist file system.edif ...
ngc2edif: Total memory usage is 82320 kilobytes

Release 14.7 - ngc2edif P.20131013 (nt64)
Copyright (c) 1995-2013 Xilinx, Inc.  All rights reserved.
Reading design system_processing_system7_0_wrapper.ngc ...
WARNING:NetListWriters:298 - No output is written to
   system_processing_system7_0_wrapper.xncf, ignored.
Processing design ...
   Preping design's networks ...
   Preping design's macros ...
  finished :Prep
Writing EDIF netlist file system_processing_system7_0_wrapper.edif ...
ngc2edif: Total memory usage is 85264 kilobytes

Release 14.7 - ngc2edif P.20131013 (nt64)
Copyright (c) 1995-2013 Xilinx, Inc.  All rights reserved.
Reading design system_stub.ngc ...
WARNING:NetListWriters:298 - No output is written to system_stub.xncf, ignored.
Processing design ...
   Preping design's networks ...
   Preping design's macros ...
  finished :Prep
Writing EDIF netlist file system_stub.edif ...
ngc2edif: Total memory usage is 81168 kilobytes

Release 14.7 - ngc2edif P.20131013 (nt64)
Copyright (c) 1995-2013 Xilinx, Inc.  All rights reserved.
Reading design system.ngc ...
WARNING:NetListWriters:298 - No output is written to system.xncf, ignored.
Processing design ...
   Preping design's networks ...
   Preping design's macros ...
  finished :Prep
Writing EDIF netlist file system.edif ...
ngc2edif: Total memory usage is 84240 kilobytes

Release 14.7 - ngc2edif P.20131013 (nt64)
Copyright (c) 1995-2013 Xilinx, Inc.  All rights reserved.
Reading design system_processing_system7_0_wrapper.ngc ...
WARNING:NetListWriters:298 - No output is written to
   system_processing_system7_0_wrapper.xncf, ignored.
Processing design ...
   Preping design's networks ...
   Preping design's macros ...
  finished :Prep
Writing EDIF netlist file system_processing_system7_0_wrapper.edif ...
ngc2edif: Total memory usage is 85328 kilobytes

Release 14.7 - ngc2edif P.20131013 (nt64)
Copyright (c) 1995-2013 Xilinx, Inc.  All rights reserved.
Reading design system_axi_interconnect_1_wrapper.ngc ...
WARNING:NetListWriters:298 - No output is written to
   system_axi_interconnect_1_wrapper.xncf, ignored.
Processing design ...
   Preping design's networks ...
   Preping design's macros ...
WARNING:NetListWriters:306 - Signal bus
   axi_interconnect_1/crossbar_samd/gen_sasd.crossbar_sasd_0/gen_crossbar.addr_a
   rbiter_inst/m_amesg_i[65 : 0] on block system_axi_interconnect_1_wrapper is
   not reconstructed, because there are some missing bus signals.
WARNING:NetListWriters:306 - Signal bus
   axi_interconnect_1/crossbar_samd/gen_sasd.crossbar_sasd_0/gen_crossbar.addr_a
   rbiter_inst/s_amesg[65 : 0] on block system_axi_interconnect_1_wrapper is not
   reconstructed, because there are some missing bus signals.
  finished :Prep
Writing EDIF netlist file system_axi_interconnect_1_wrapper.edif ...
ngc2edif: Total memory usage is 82576 kilobytes

Release 14.7 - ngc2edif P.20131013 (nt64)
Copyright (c) 1995-2013 Xilinx, Inc.  All rights reserved.
Reading design system_my_adder_0_wrapper.ngc ...
WARNING:NetListWriters:298 - No output is written to
   system_my_adder_0_wrapper.xncf, ignored.
Processing design ...
   Preping design's networks ...
   Preping design's macros ...
  finished :Prep
Writing EDIF netlist file system_my_adder_0_wrapper.edif ...
ngc2edif: Total memory usage is 82000 kilobytes

Release 14.7 - ngc2edif P.20131013 (nt64)
Copyright (c) 1995-2013 Xilinx, Inc.  All rights reserved.
Reading design system_axi_gpio_0_wrapper.ngc ...
WARNING:NetListWriters:298 - No output is written to
   system_axi_gpio_0_wrapper.xncf, ignored.
Processing design ...
   Preping design's networks ...
   Preping design's macros ...
  finished :Prep
Writing EDIF netlist file system_axi_gpio_0_wrapper.edif ...
ngc2edif: Total memory usage is 80976 kilobytes

